Nome Completo
Matrícula
Identificação
Templo
Rua
Complemento
Referência
Bairro
Cidade
Estado
CEP
e-mail
Tel. Residencial
Tel. Comercial
Ramal
Celular
Pager
Data de Nascimento
Data de Casamento
Tipo Sanguíneo
CPF
RG
Sexo
Estado Civil
Nacionalidade
Naturalidade
Escolaridade
Profissão
Observações
Fotografia
Célula Familiar
Sobrenome Famíliar
Nome
Nascimento
É Membro da Igreja
Nome do Pai
É Membro da Igreja.1
Nome da Mãe
É Membro da Igreja.2
listFilhos
Databatismo
Igreja
Pastor
Situação
Cargo Atual
Data Membro
Modo
Origem
Data saída
Modo.1
Destino
Traceback (most recent call last):
  File "main.py", line 138, in <module>
    socketio.run(app, debug=True, host="0.0.0.0", port=8025)
  File "/var/www/recadastramento/recadastramento/lib/python3.8/site-packages/flask_socketio/__init__.py", line 651, in run
    raise RuntimeError('The Werkzeug web server is not '
RuntimeError: The Werkzeug web server is not designed to run in production. Pass allow_unsafe_werkzeug=True to the run() method to disable this error.
